# JRE version: Java(TM) SE Runtime Environment (8.0_181-b13) (build 1.8.0_181-b13)
# Java VM: Java HotSpot(TM) 64-Bit Server VM (25.181-b13 mixed mode windows-amd64 compressed oops)
Heap:
 PSYoungGen      total 175104K, used 81881K [0x0000000715e00000, 0x0000000748480000, 0x00000007c0000000)
  eden space 1024K, 0% used [0x0000000715e00000,0x0000000715e00000,0x0000000715f00000)
  from space 174080K, 47% used [0x0000000715f00000,0x000000071aef6758,0x0000000720900000)
  to   space 412160K, 0% used [0x000000072f200000,0x000000072f200000,0x0000000748480000)
 ParOldGen       total 515072K, used 514796K [0x00000005c1a00000, 0x00000005f2d00000, 0x0000000715e00000)
  object space 515072K, 99% used [0x00000005c1a00000,0x00000005e10bb278,0x00000005e1100000)
 Metaspace       used 31982K, capacity 32342K, committed 32768K, reserved 1077248K
  class space    used 4146K, capacity 4240K, committed 4352K, reserved 1048576K
GC Heap History (10 events):
Event: 476.748 GC heap after
Heap after GC invocations=20 (full 3):
 PSYoungGen      total 391168K, used 283360K [0x0000000715e00000, 0x0000000747400000, 0x00000007c0000000)
  eden space 21504K, 0% used [0x0000000715e00000,0x0000000715e00000,0x0000000717300000)
  from space 369664K, 76% used [0x0000000717300000,0x00000007287b8000,0x000000072dc00000)
  to   space 393728K, 0% used [0x000000072f380000,0x000000072f380000,0x0000000747400000)
 ParOldGen       total 515072K, used 323540K [0x00000005c1a00000, 0x00000005e1100000, 0x0000000715e00000)
  object space 515072K, 62% used [0x00000005c1a00000,0x00000005d55f5228,0x00000005e1100000)
 Metaspace       used 31982K, capacity 32342K, committed 32768K, reserved 1077248K
  class space    used 4146K, capacity 4240K, committed 4352K, reserved 1048576K
}
Event: 488.787 GC heap before
{Heap before GC invocations=21 (full 3):
 PSYoungGen      total 391168K, used 304864K [0x0000000715e00000, 0x0000000747400000, 0x00000007c0000000)
  eden space 21504K, 100% used [0x0000000715e00000,0x0000000717300000,0x0000000717300000)
  from space 369664K, 76% used [0x0000000717300000,0x00000007287b8000,0x000000072dc00000)
  to   space 393728K, 0% used [0x000000072f380000,0x000000072f380000,0x0000000747400000)
 ParOldGen       total 515072K, used 323540K [0x00000005c1a00000, 0x00000005e1100000, 0x0000000715e00000)
  object space 515072K, 62% used [0x00000005c1a00000,0x00000005d55f5228,0x00000005e1100000)
 Metaspace       used 31982K, capacity 32342K, committed 32768K, reserved 1077248K
  class space    used 4146K, capacity 4240K, committed 4352K, reserved 1048576K
Event: 488.831 GC heap after
Heap after GC invocations=21 (full 3):
 PSYoungGen      total 394240K, used 291616K [0x0000000715e00000, 0x0000000749e00000, 0x00000007c0000000)
  eden space 512K, 0% used [0x0000000715e00000,0x0000000715e00000,0x0000000715e80000)
  from space 393728K, 74% used [0x000000072f380000,0x0000000741048000,0x0000000747400000)
  to   space 414720K, 0% used [0x0000000715e80000,0x0000000715e80000,0x000000072f380000)
 ParOldGen       total 515072K, used 323548K [0x00000005c1a00000, 0x00000005e1100000, 0x0000000715e00000)
  object space 515072K, 62% used [0x00000005c1a00000,0x00000005d55f7228,0x00000005e1100000)
 Metaspace       used 31982K, capacity 32342K, committed 32768K, reserved 1077248K
  class space    used 4146K, capacity 4240K, committed 4352K, reserved 1048576K
}
Event: 488.919 GC heap before
{Heap before GC invocations=22 (full 3):
 PSYoungGen      total 394240K, used 292125K [0x0000000715e00000, 0x0000000749e00000, 0x00000007c0000000)
  eden space 512K, 99% used [0x0000000715e00000,0x0000000715e7f7a8,0x0000000715e80000)
  from space 393728K, 74% used [0x000000072f380000,0x0000000741048000,0x0000000747400000)
  to   space 414720K, 0% used [0x0000000715e80000,0x0000000715e80000,0x000000072f380000)
 ParOldGen       total 515072K, used 323548K [0x00000005c1a00000, 0x00000005e1100000, 0x0000000715e00000)
  object space 515072K, 62% used [0x00000005c1a00000,0x00000005d55f7228,0x00000005e1100000)
 Metaspace       used 31982K, capacity 32342K, committed 32768K, reserved 1077248K
  class space    used 4146K, capacity 4240K, committed 4352K, reserved 1048576K
Event: 488.962 GC heap after
Heap after GC invocations=22 (full 3):
 PSYoungGen      total 415232K, used 291904K [0x0000000715e00000, 0x000000074ab00000, 0x00000007c0000000)
  eden space 512K, 0% used [0x0000000715e00000,0x0000000715e00000,0x0000000715e80000)
  from space 414720K, 70% used [0x0000000715e80000,0x0000000727b90000,0x000000072f380000)
  to   space 432128K, 0% used [0x0000000730500000,0x0000000730500000,0x000000074ab00000)
 ParOldGen       total 515072K, used 323548K [0x00000005c1a00000, 0x00000005e1100000, 0x0000000715e00000)
  object space 515072K, 62% used [0x00000005c1a00000,0x00000005d55f7228,0x00000005e1100000)
 Metaspace       used 31982K, capacity 32342K, committed 32768K, reserved 1077248K
  class space    used 4146K, capacity 4240K, committed 4352K, reserved 1048576K
}
Event: 489.002 GC heap before
{Heap before GC invocations=23 (full 3):
 PSYoungGen      total 415232K, used 292416K [0x0000000715e00000, 0x000000074ab00000, 0x00000007c0000000)
  eden space 512K, 100% used [0x0000000715e00000,0x0000000715e80000,0x0000000715e80000)
  from space 414720K, 70% used [0x0000000715e80000,0x0000000727b90000,0x000000072f380000)
  to   space 432128K, 0% used [0x0000000730500000,0x0000000730500000,0x000000074ab00000)
 ParOldGen       total 515072K, used 323548K [0x00000005c1a00000, 0x00000005e1100000, 0x0000000715e00000)
  object space 515072K, 62% used [0x00000005c1a00000,0x00000005d55f7228,0x00000005e1100000)
 Metaspace       used 31982K, capacity 32342K, committed 32768K, reserved 1077248K
  class space    used 4146K, capacity 4240K, committed 4352K, reserved 1048576K
Event: 489.049 GC heap after
Heap after GC invocations=23 (full 3):
 PSYoungGen      total 429056K, used 255008K [0x0000000715e00000, 0x000000074a700000, 0x00000007c0000000)
  eden space 1024K, 0% used [0x0000000715e00000,0x0000000715e00000,0x0000000715f00000)
  from space 428032K, 59% used [0x0000000730500000,0x000000073fe08000,0x000000074a700000)
  to   space 430080K, 0% used [0x0000000715f00000,0x0000000715f00000,0x0000000730300000)
 ParOldGen       total 515072K, used 361447K [0x00000005c1a00000, 0x00000005e1100000, 0x0000000715e00000)
  object space 515072K, 70% used [0x00000005c1a00000,0x00000005d7af9c30,0x00000005e1100000)
 Metaspace       used 31982K, capacity 32342K, committed 32768K, reserved 1077248K
  class space    used 4146K, capacity 4240K, committed 4352K, reserved 1048576K
}
Event: 489.600 GC heap before
{Heap before GC invocations=24 (full 3):
 PSYoungGen      total 429056K, used 256032K [0x0000000715e00000, 0x000000074a700000, 0x00000007c0000000)
  eden space 1024K, 100% used [0x0000000715e00000,0x0000000715f00000,0x0000000715f00000)
  from space 428032K, 59% used [0x0000000730500000,0x000000073fe08000,0x000000074a700000)
  to   space 430080K, 0% used [0x0000000715f00000,0x0000000715f00000,0x0000000730300000)
 ParOldGen       total 515072K, used 361447K [0x00000005c1a00000, 0x00000005e1100000, 0x0000000715e00000)
  object space 515072K, 70% used [0x00000005c1a00000,0x00000005d7af9c30,0x00000005e1100000)
 Metaspace       used 31982K, capacity 32342K, committed 32768K, reserved 1077248K
  class space    used 4146K, capacity 4240K, committed 4352K, reserved 1048576K
Event: 489.653 GC heap after
Heap after GC invocations=24 (full 3):
 PSYoungGen      total 175104K, used 174048K [0x0000000715e00000, 0x0000000748480000, 0x00000007c0000000)
  eden space 1024K, 0% used [0x0000000715e00000,0x0000000715e00000,0x0000000715f00000)
  from space 174080K, 99% used [0x0000000715f00000,0x00000007208f8000,0x0000000720900000)
  to   space 412160K, 0% used [0x000000072f200000,0x000000072f200000,0x0000000748480000)
 ParOldGen       total 515072K, used 444718K [0x00000005c1a00000, 0x00000005e1100000, 0x0000000715e00000)
  object space 515072K, 86% used [0x00000005c1a00000,0x00000005dcc4b9f8,0x00000005e1100000)
 Metaspace       used 31982K, capacity 32342K, committed 32768K, reserved 1077248K
  class space    used 4146K, capacity 4240K, committed 4352K, reserved 1048576K
}
Event: 489.653 GC heap before
{Heap before GC invocations=25 (full 4):
 PSYoungGen      total 175104K, used 174048K [0x0000000715e00000, 0x0000000748480000, 0x00000007c0000000)
  eden space 1024K, 0% used [0x0000000715e00000,0x0000000715e00000,0x0000000715f00000)
  from space 174080K, 99% used [0x0000000715f00000,0x00000007208f8000,0x0000000720900000)
  to   space 412160K, 0% used [0x000000072f200000,0x000000072f200000,0x0000000748480000)
 ParOldGen       total 515072K, used 444718K [0x00000005c1a00000, 0x00000005e1100000, 0x0000000715e00000)
  object space 515072K, 86% used [0x00000005c1a00000,0x00000005dcc4b9f8,0x00000005e1100000)
 Metaspace       used 31982K, capacity 32342K, committed 32768K, reserved 1077248K
  class space    used 4146K, capacity 4240K, committed 4352K, reserved 1048576K

