# JRE version: Java(TM) SE Runtime Environment (8.0_181-b13) (build 1.8.0_181-b13)
# Java VM: Java HotSpot(TM) 64-Bit Server VM (25.181-b13 mixed mode windows-amd64 compressed oops)
Heap:
 PSYoungGen      total 350720K, used 344428K [0x0000000715e00000, 0x000000073c700000, 0x00000007c0000000)
  eden space 106496K, 94% used [0x0000000715e00000,0x000000071bfdb208,0x000000071c600000)
  from space 244224K, 100% used [0x000000071c600000,0x000000072b480000,0x000000072b480000)
  to   space 205312K, 0% used [0x000000072b480000,0x000000072b480000,0x0000000737d00000)
 ParOldGen       total 751616K, used 314811K [0x00000005c1a00000, 0x00000005ef800000, 0x0000000715e00000)
  object space 751616K, 41% used [0x00000005c1a00000,0x00000005d4d6ecf0,0x00000005ef800000)
 Metaspace       used 31690K, capacity 31992K, committed 32384K, reserved 1077248K
  class space    used 4130K, capacity 4209K, committed 4224K, reserved 1048576K
GC Heap History (10 events):
Event: 149.574 GC heap before
{Heap before GC invocations=10 (full 3):
 PSYoungGen      total 308224K, used 209856K [0x0000000715e00000, 0x0000000732d80000, 0x00000007c0000000)
  eden space 170496K, 100% used [0x0000000715e00000,0x0000000720480000,0x0000000720480000)
  from space 137728K, 28% used [0x000000072a700000,0x000000072cd70000,0x0000000732d80000)
  to   space 152064K, 0% used [0x0000000720480000,0x0000000720480000,0x0000000729900000)
 ParOldGen       total 751616K, used 294129K [0x00000005c1a00000, 0x00000005ef800000, 0x0000000715e00000)
  object space 751616K, 39% used [0x00000005c1a00000,0x00000005d393c4b0,0x00000005ef800000)
 Metaspace       used 31300K, capacity 31600K, committed 31872K, reserved 1077248K
  class space    used 4128K, capacity 4209K, committed 4224K, reserved 1048576K
Event: 149.597 GC heap after
Heap after GC invocations=10 (full 3):
 PSYoungGen      total 252416K, used 84992K [0x0000000715e00000, 0x0000000732c80000, 0x00000007c0000000)
  eden space 167424K, 0% used [0x0000000715e00000,0x0000000715e00000,0x0000000720180000)
  from space 84992K, 100% used [0x0000000720480000,0x0000000725780000,0x0000000725780000)
  to   space 153088K, 0% used [0x0000000729700000,0x0000000729700000,0x0000000732c80000)
 ParOldGen       total 751616K, used 294137K [0x00000005c1a00000, 0x00000005ef800000, 0x0000000715e00000)
  object space 751616K, 39% used [0x00000005c1a00000,0x00000005d393e4b0,0x00000005ef800000)
 Metaspace       used 31300K, capacity 31600K, committed 31872K, reserved 1077248K
  class space    used 4128K, capacity 4209K, committed 4224K, reserved 1048576K
}
Event: 221.573 GC heap before
{Heap before GC invocations=11 (full 3):
 PSYoungGen      total 252416K, used 252416K [0x0000000715e00000, 0x0000000732c80000, 0x00000007c0000000)
  eden space 167424K, 100% used [0x0000000715e00000,0x0000000720180000,0x0000000720180000)
  from space 84992K, 100% used [0x0000000720480000,0x0000000725780000,0x0000000725780000)
  to   space 153088K, 0% used [0x0000000729700000,0x0000000729700000,0x0000000732c80000)
 ParOldGen       total 751616K, used 294137K [0x00000005c1a00000, 0x00000005ef800000, 0x0000000715e00000)
  object space 751616K, 39% used [0x00000005c1a00000,0x00000005d393e4b0,0x00000005ef800000)
 Metaspace       used 31418K, capacity 31728K, committed 32128K, reserved 1077248K
  class space    used 4130K, capacity 4209K, committed 4224K, reserved 1048576K
Event: 221.605 GC heap after
Heap after GC invocations=11 (full 3):
 PSYoungGen      total 300544K, used 132320K [0x0000000715e00000, 0x0000000735100000, 0x00000007c0000000)
  eden space 147456K, 0% used [0x0000000715e00000,0x0000000715e00000,0x000000071ee00000)
  from space 153088K, 86% used [0x0000000729700000,0x0000000731838000,0x0000000732c80000)
  to   space 173056K, 0% used [0x000000071ee00000,0x000000071ee00000,0x0000000729700000)
 ParOldGen       total 751616K, used 294145K [0x00000005c1a00000, 0x00000005ef800000, 0x0000000715e00000)
  object space 751616K, 39% used [0x00000005c1a00000,0x00000005d39404b0,0x00000005ef800000)
 Metaspace       used 31418K, capacity 31728K, committed 32128K, reserved 1077248K
  class space    used 4130K, capacity 4209K, committed 4224K, reserved 1048576K
}
Event: 287.713 GC heap before
{Heap before GC invocations=12 (full 3):
 PSYoungGen      total 300544K, used 279776K [0x0000000715e00000, 0x0000000735100000, 0x00000007c0000000)
  eden space 147456K, 100% used [0x0000000715e00000,0x000000071ee00000,0x000000071ee00000)
  from space 153088K, 86% used [0x0000000729700000,0x0000000731838000,0x0000000732c80000)
  to   space 173056K, 0% used [0x000000071ee00000,0x000000071ee00000,0x0000000729700000)
 ParOldGen       total 751616K, used 294145K [0x00000005c1a00000, 0x00000005ef800000, 0x0000000715e00000)
  object space 751616K, 39% used [0x00000005c1a00000,0x00000005d39404b0,0x00000005ef800000)
 Metaspace       used 31541K, capacity 31856K, committed 32128K, reserved 1077248K
  class space    used 4130K, capacity 4209K, committed 4224K, reserved 1048576K
Event: 287.754 GC heap after
Heap after GC invocations=12 (full 3):
 PSYoungGen      total 318464K, used 173056K [0x0000000715e00000, 0x0000000737d00000, 0x00000007c0000000)
  eden space 145408K, 0% used [0x0000000715e00000,0x0000000715e00000,0x000000071ec00000)
  from space 173056K, 100% used [0x000000071ee00000,0x0000000729700000,0x0000000729700000)
  to   space 205312K, 0% used [0x000000072b480000,0x000000072b480000,0x0000000737d00000)
 ParOldGen       total 751616K, used 299062K [0x00000005c1a00000, 0x00000005ef800000, 0x0000000715e00000)
  object space 751616K, 39% used [0x00000005c1a00000,0x00000005d3e0dad0,0x00000005ef800000)
 Metaspace       used 31541K, capacity 31856K, committed 32128K, reserved 1077248K
  class space    used 4130K, capacity 4209K, committed 4224K, reserved 1048576K
}
Event: 356.501 GC heap before
{Heap before GC invocations=13 (full 3):
 PSYoungGen      total 318464K, used 318464K [0x0000000715e00000, 0x0000000737d00000, 0x00000007c0000000)
  eden space 145408K, 100% used [0x0000000715e00000,0x000000071ec00000,0x000000071ec00000)
  from space 173056K, 100% used [0x000000071ee00000,0x0000000729700000,0x0000000729700000)
  to   space 205312K, 0% used [0x000000072b480000,0x000000072b480000,0x0000000737d00000)
 ParOldGen       total 751616K, used 299062K [0x00000005c1a00000, 0x00000005ef800000, 0x0000000715e00000)
  object space 751616K, 39% used [0x00000005c1a00000,0x00000005d3e0dad0,0x00000005ef800000)
 Metaspace       used 31565K, capacity 31920K, committed 32128K, reserved 1077248K
  class space    used 4130K, capacity 4209K, committed 4224K, reserved 1048576K
Event: 356.561 GC heap after
Heap after GC invocations=13 (full 3):
 PSYoungGen      total 311808K, used 205312K [0x0000000715e00000, 0x000000073c700000, 0x00000007c0000000)
  eden space 106496K, 0% used [0x0000000715e00000,0x0000000715e00000,0x000000071c600000)
  from space 205312K, 100% used [0x000000072b480000,0x0000000737d00000,0x0000000737d00000)
  to   space 244224K, 0% used [0x000000071c600000,0x000000071c600000,0x000000072b480000)
 ParOldGen       total 751616K, used 313835K [0x00000005c1a00000, 0x00000005ef800000, 0x0000000715e00000)
  object space 751616K, 41% used [0x00000005c1a00000,0x00000005d4c7acf0,0x00000005ef800000)
 Metaspace       used 31565K, capacity 31920K, committed 32128K, reserved 1077248K
  class space    used 4130K, capacity 4209K, committed 4224K, reserved 1048576K
}
Event: 408.745 GC heap before
{Heap before GC invocations=14 (full 3):
 PSYoungGen      total 311808K, used 311808K [0x0000000715e00000, 0x000000073c700000, 0x00000007c0000000)
  eden space 106496K, 100% used [0x0000000715e00000,0x000000071c600000,0x000000071c600000)
  from space 205312K, 100% used [0x000000072b480000,0x0000000737d00000,0x0000000737d00000)
  to   space 244224K, 0% used [0x000000071c600000,0x000000071c600000,0x000000072b480000)
 ParOldGen       total 751616K, used 313835K [0x00000005c1a00000, 0x00000005ef800000, 0x0000000715e00000)
  object space 751616K, 41% used [0x00000005c1a00000,0x00000005d4c7acf0,0x00000005ef800000)
 Metaspace       used 31674K, capacity 31992K, committed 32384K, reserved 1077248K
  class space    used 4130K, capacity 4209K, committed 4224K, reserved 1048576K
Event: 408.786 GC heap after
Heap after GC invocations=14 (full 3):
 PSYoungGen      total 350720K, used 244224K [0x0000000715e00000, 0x000000073c700000, 0x00000007c0000000)
  eden space 106496K, 0% used [0x0000000715e00000,0x0000000715e00000,0x000000071c600000)
  from space 244224K, 100% used [0x000000071c600000,0x000000072b480000,0x000000072b480000)
  to   space 205312K, 0% used [0x000000072b480000,0x000000072b480000,0x0000000737d00000)
 ParOldGen       total 751616K, used 314811K [0x00000005c1a00000, 0x00000005ef800000, 0x0000000715e00000)
  object space 751616K, 41% used [0x00000005c1a00000,0x00000005d4d6ecf0,0x00000005ef800000)
 Metaspace       used 31674K, capacity 31992K, committed 32384K, reserved 1077248K
  class space    used 4130K, capacity 4209K, committed 4224K, reserved 1048576K
}

